app/build/intermediates/manifest_merge_blame_file/debug/manifest-merger-blame-debug-report.txt
1<?xml version="1.0" encoding="utf-8"?>
2<manifest xmlns:android="http://schemas.android.com/apk/res/android"
3    package="com.example.mercaya"
4    android:versionCode="1"
5    android:versionName="1.0" >
6
7    <uses-sdk
8        android:minSdkVersion="15"
8-->src\main\AndroidManifest.xml
9        android:targetSdkVersion="29" />
9-->src\main\AndroidManifest.xml
10
11    <application
11-->src\main\AndroidManifest.xml:5:5-33:19
12        android:allowBackup="true"
12-->src\main\AndroidManifest.xml:6:9-35
13        android:appComponentFactory="androidx.core.app.CoreComponentFactory"
13-->[androidx.core:core:1.1.0] AndroidManifest.xml:24:18-86
14        android:debuggable="true"
15        android:icon="@drawable/logo"
15-->src\main\AndroidManifest.xml:7:9-38
16        android:label="@string/app_name"
16-->src\main\AndroidManifest.xml:8:9-41
17        android:roundIcon="@drawable/logo"
17-->src\main\AndroidManifest.xml:9:9-43
18        android:supportsRtl="true"
18-->src\main\AndroidManifest.xml:10:9-35
19        android:testOnly="true"
20        android:theme="@style/AppTheme" >
20-->src\main\AndroidManifest.xml:11:9-40
21        <activity android:name="com.example.mercaya.FrutasActivity" />
21-->src\main\AndroidManifest.xml:12:9-61
21-->src\main\AndroidManifest.xml:12:19-49
22        <activity android:name="com.example.mercaya.PapasActivity" />
22-->src\main\AndroidManifest.xml:13:9-60
22-->src\main\AndroidManifest.xml:13:19-48
23        <activity android:name="com.example.mercaya.ImagenesPapas" />
23-->src\main\AndroidManifest.xml:14:9-60
23-->src\main\AndroidManifest.xml:14:19-48
24        <activity android:name="com.example.mercaya.CarnesActivity" />
24-->src\main\AndroidManifest.xml:15:9-61
24-->src\main\AndroidManifest.xml:15:19-49
25        <activity android:name="com.example.mercaya.GranosActivity" />
25-->src\main\AndroidManifest.xml:16:9-61
25-->src\main\AndroidManifest.xml:16:19-49
26        <activity android:name="com.example.mercaya.CondimentosActivity" />
26-->src\main\AndroidManifest.xml:17:9-66
26-->src\main\AndroidManifest.xml:17:19-54
27        <activity android:name="com.example.mercaya.HarinasActivity" />
27-->src\main\AndroidManifest.xml:18:9-62
27-->src\main\AndroidManifest.xml:18:19-50
28        <activity android:name="com.example.mercaya.LechesActivity" />
28-->src\main\AndroidManifest.xml:19:9-61
28-->src\main\AndroidManifest.xml:19:19-49
29        <activity android:name="com.example.mercaya.VerdurasActivity" />
29-->src\main\AndroidManifest.xml:20:9-63
29-->src\main\AndroidManifest.xml:20:19-51
30        <activity
30-->src\main\AndroidManifest.xml:23:9-32:20
31            android:name="com.example.mercaya.ScrollingActivity"
31-->src\main\AndroidManifest.xml:24:13-46
32            android:label="@string/app_name"
32-->src\main\AndroidManifest.xml:25:13-45
33            android:theme="@style/AppTheme.NoActionBar" >
33-->src\main\AndroidManifest.xml:26:13-56
34            <intent-filter>
34-->src\main\AndroidManifest.xml:27:13-31:29
35                <action android:name="android.intent.action.MAIN" />
35-->src\main\AndroidManifest.xml:28:17-69
35-->src\main\AndroidManifest.xml:28:25-66
36
37                <category android:name="android.intent.category.LAUNCHER" />
37-->src\main\AndroidManifest.xml:30:17-77
37-->src\main\AndroidManifest.xml:30:27-74
38            </intent-filter>
39        </activity>
40    </application>
41
42</manifest>